<?xml version="1.0" encoding="UTF-8"?>
<!-- Generated by org.testng.reporters.JUnitXMLReporter -->
<testsuite hostname="CWLK-JEYAGEN" name="Default test" tests="5" failures="0" timestamp="25 Sep 2018 10:15:52 GMT" time="0.419" errors="0">
  <testcase name="testIterate_moreThanOneNonDefault" time="0.222" classname="com.jeya.util.ServiceLoaderDemoTest"/>
  <testcase name="testIterate_oneDefaultAndOneNonDefault" time="0.021" classname="com.jeya.util.ServiceLoaderDemoTest"/>
  <testcase name="testIterate_oneDefaultOnly" time="0.016" classname="com.jeya.util.ServiceLoaderDemoTest"/>
  <testcase name="testIterate_oneDefaultmoreThanOneNonDefault" time="0.014" classname="com.jeya.util.ServiceLoaderDemoTest"/>
  <testcase name="testIterate_oneNonDefaultOnly" time="0.02" classname="com.jeya.util.ServiceLoaderDemoTest"/>
</testsuite> <!-- Default test -->
