<?xml version="1.0" encoding="UTF-8"?>
<testng-results skipped="0" failed="0" total="1" passed="1">
  <reporter-output>
  </reporter-output>
  <suite name="Default suite" duration-ms="293" started-at="2018-09-25T08:18:46Z" finished-at="2018-09-25T08:18:46Z">
    <groups>
    </groups>
    <test name="Default test" duration-ms="293" started-at="2018-09-25T08:18:46Z" finished-at="2018-09-25T08:18:46Z">
      <class name="com.jeya.util.ServiceLoaderDemoTest">
        <test-method status="PASS" signature="beforePowerMockTestClass()[pri:0, instance:com.jeya.util.ServiceLoaderDemoTest@5d20e46]" name="beforePowerMockTestClass" is-config="true" duration-ms="0" started-at="2018-09-25T13:48:46Z" finished-at="2018-09-25T13:48:46Z">
          <reporter-output>
          </reporter-output>
        </test-method> <!-- beforePowerMockTestClass -->
        <test-method status="PASS" signature="beforePowerMockTestMethod()[pri:0, instance:com.jeya.util.ServiceLoaderDemoTest@5d20e46]" name="beforePowerMockTestMethod" is-config="true" duration-ms="93" started-at="2018-09-25T13:48:46Z" finished-at="2018-09-25T13:48:46Z">
          <reporter-output>
          </reporter-output>
        </test-method> <!-- beforePowerMockTestMethod -->
        <test-method status="PASS" signature="testIterate()[pri:0, instance:com.jeya.util.ServiceLoaderDemoTest@5d20e46]" name="testIterate" duration-ms="200" started-at="2018-09-25T13:48:46Z" finished-at="2018-09-25T13:48:46Z">
          <reporter-output>
          </reporter-output>
        </test-method> <!-- testIterate -->
        <test-method status="PASS" signature="afterPowerMockTestClass()[pri:0, instance:com.jeya.util.ServiceLoaderDemoTest@5d20e46]" name="afterPowerMockTestClass" is-config="true" duration-ms="0" started-at="2018-09-25T13:48:46Z" finished-at="2018-09-25T13:48:46Z">
          <reporter-output>
          </reporter-output>
        </test-method> <!-- afterPowerMockTestClass -->
        <test-method status="PASS" signature="afterPowerMockTestMethod()[pri:0, instance:com.jeya.util.ServiceLoaderDemoTest@5d20e46]" name="afterPowerMockTestMethod" is-config="true" duration-ms="0" started-at="2018-09-25T13:48:46Z" finished-at="2018-09-25T13:48:46Z">
          <reporter-output>
          </reporter-output>
        </test-method> <!-- afterPowerMockTestMethod -->
      </class> <!-- com.jeya.util.ServiceLoaderDemoTest -->
    </test> <!-- Default test -->
  </suite> <!-- Default suite -->
</testng-results>
